0 info it worked if it ends with ok
1 verbose cli [ '/home/claire/.nvm/v0.10.33/bin/node',
1 verbose cli   '/home/claire/.nvm/v0.10.33/bin/npm',
1 verbose cli   'run',
1 verbose cli   'deploy-prod-web' ]
2 info using npm@1.4.28
3 info using node@v0.10.33
4 verbose run-script [ 'predeploy-prod-web',
4 verbose run-script   'deploy-prod-web',
4 verbose run-script   'postdeploy-prod-web' ]
5 info predeploy-prod-web paripari@
6 info deploy-prod-web paripari@
7 verbose unsafe-perm in lifecycle true
8 info paripari@ Failed to exec deploy-prod-web script
9 error paripari@ deploy-prod-web: `meteor deploy --settings .config/settings-production.json`
9 error Exit status 1
10 error Failed at the paripari@ deploy-prod-web script.
10 error This is most likely a problem with the paripari package,
10 error not with npm itself.
10 error Tell the author that this fails on your system:
10 error     meteor deploy --settings .config/settings-production.json
10 error You can get their info via:
10 error     npm owner ls paripari
10 error There is likely additional logging output above.
11 error System Linux 3.16.0-33-generic
12 error command "/home/claire/.nvm/v0.10.33/bin/node" "/home/claire/.nvm/v0.10.33/bin/npm" "run" "deploy-prod-web"
13 error cwd /home/claire/dev/meteor/paripari
14 error node -v v0.10.33
15 error npm -v 1.4.28
16 error code ELIFECYCLE
17 verbose exit [ 1, true ]
